C:\Users\laiba\OneDrive\Desktop\2-HACKATHON\Phase-2\backend\main.py:22: DeprecationWarning: 
        on_event is deprecated, use lifespan event handlers instead.

        Read more about it in the
        [FastAPI docs for Lifespan Events](https://fastapi.tiangolo.com/advanced/events/).
        
  @app.on_event("startup")
INFO:     Started server process [16540]
INFO:     Waiting for application startup.
2026-01-04 09:36:06,644 INFO sqlalchemy.engine.Engine select pg_catalog.version()
2026-01-04 09:36:06,645 INFO sqlalchemy.engine.Engine [raw sql] {}
2026-01-04 09:36:06,995 INFO sqlalchemy.engine.Engine select current_schema()
2026-01-04 09:36:06,996 INFO sqlalchemy.engine.Engine [raw sql] {}
2026-01-04 09:36:07,354 INFO sqlalchemy.engine.Engine show standard_conforming_strings
2026-01-04 09:36:07,355 INFO sqlalchemy.engine.Engine [raw sql] {}
2026-01-04 09:36:07,704 INFO sqlalchemy.engine.Engine BEGIN (implicit)
2026-01-04 09:36:07,708 INFO sqlalchemy.engine.Engine SELECT pg_catalog.pg_class.relname 
FROM pg_catalog.pg_class JOIN pg_catalog.pg_namespace ON pg_catalog.pg_namespace.oid = pg_catalog.pg_class.relnamespace 
WHERE pg_catalog.pg_class.relname = %(table_name)s AND pg_catalog.pg_class.relkind = ANY (ARRAY[%(param_1)s, %(param_2)s, %(param_3)s, %(param_4)s, %(param_5)s]) AND pg_catalog.pg_table_is_visible(pg_catalog.pg_class.oid) AND pg_catalog.pg_namespace.nspname != %(nspname_1)s
2026-01-04 09:36:07,708 INFO sqlalchemy.engine.Engine [generated in 0.00029s] {'table_name': 'user', 'param_1': 'r', 'param_2': 'p', 'param_3': 'f', 'param_4': 'v', 'param_5': 'm', 'nspname_1': 'pg_catalog'}
2026-01-04 09:36:08,062 INFO sqlalchemy.engine.Engine SELECT pg_catalog.pg_class.relname 
FROM pg_catalog.pg_class JOIN pg_catalog.pg_namespace ON pg_catalog.pg_namespace.oid = pg_catalog.pg_class.relnamespace 
WHERE pg_catalog.pg_class.relname = %(table_name)s AND pg_catalog.pg_class.relkind = ANY (ARRAY[%(param_1)s, %(param_2)s, %(param_3)s, %(param_4)s, %(param_5)s]) AND pg_catalog.pg_table_is_visible(pg_catalog.pg_class.oid) AND pg_catalog.pg_namespace.nspname != %(nspname_1)s
2026-01-04 09:36:08,063 INFO sqlalchemy.engine.Engine [cached since 0.3543s ago] {'table_name': 'task', 'param_1': 'r', 'param_2': 'p', 'param_3': 'f', 'param_4': 'v', 'param_5': 'm', 'nspname_1': 'pg_catalog'}
2026-01-04 09:36:08,239 INFO sqlalchemy.engine.Engine COMMIT
INFO:     Application startup complete.
INFO:     Uvicorn running on http://0.0.0.0:8000 (Press CTRL+C to quit)
Database tables created successfully
INFO:     127.0.0.1:59067 - "POST /api/tasks HTTP/1.1" 403 Forbidden
